<?xml version="1.0" encoding="UTF-8"?>
<testsuite xmlns:xsi="http://www.w3.org/2001/XMLSchema-instance" xsi:noNamespaceSchemaLocation="https://maven.apache.org/surefire/maven-surefire-plugin/xsd/surefire-test-report-3.0.xsd" version="3.0" name="Tests" time="0.195" tests="15" errors="0" skipped="0" failures="0">
  <properties>
[...]
</properties>
  <testcase name="given_2_test_II" classname="Tests" time="0.112"/>
  <testcase name="given_9_test_IX" classname="Tests" time="0.002"/>
  <testcase name="given_500_test_D" classname="Tests" time="0.001"/>
  <testcase name="given_10_test_X" classname="Tests" time="0.002"/>
  <testcase name="given_4_test_IV" classname="Tests" time="0.002"/>
  <testcase name="given_90_test_XC" classname="Tests" time="0.001"/>
  <testcase name="given_3_test_III" classname="Tests" time="0.001"/>
  <testcase name="given_900_test_CM" classname="Tests" time="0.001"/>
  <testcase name="given_100_test_C" classname="Tests" time="0.001"/>
  <testcase name="given_1000_test_M" classname="Tests" time="0.002"/>
  <testcase name="given_400_test_CD" classname="Tests" time="0.002"/>
  <testcase name="given_5_test_V" classname="Tests" time="0.002"/>
  <testcase name="given_50_test_L" classname="Tests" time="0.001"/>
  <testcase name="given_40_test_XL" classname="Tests" time="0.001"/>
  <testcase name="given_1_test_I" classname="Tests" time="0.002"/>
</testsuite>